0 info it worked if it ends with ok
1 verbose cli [ 'C:\\Program Files\\nodejs\\node.exe',
1 verbose cli   'C:\\Program Files\\nodejs\\node_modules\\npm\\bin\\npm-cli.js',
1 verbose cli   'publish' ]
2 info using npm@3.10.8
3 info using node@v6.9.1
4 verbose publish [ '.' ]
5 silly cache add args [ '.', null ]
6 verbose cache add spec .
7 silly cache add parsed spec Result {
7 silly cache add   raw: '.',
7 silly cache add   scope: null,
7 silly cache add   escapedName: null,
7 silly cache add   name: null,
7 silly cache add   rawSpec: '.',
7 silly cache add   spec: 'C:\\Users\\dhershman\\Desktop\\Personal\\Modules\\phone-prettify',
7 silly cache add   type: 'directory' }
8 verbose addLocalDirectory C:\Users\dhershman\AppData\Roaming\npm-cache\phone-prettify\1.0.1\package.tgz not in flight; packing
9 verbose correctMkdir C:\Users\dhershman\AppData\Roaming\npm-cache correctMkdir not in flight; initializing
10 info lifecycle phone-prettify@1.0.1~prepublish: phone-prettify@1.0.1
11 silly lifecycle phone-prettify@1.0.1~prepublish: no script for prepublish, continuing
12 verbose tar pack [ 'C:\\Users\\dhershman\\AppData\\Roaming\\npm-cache\\phone-prettify\\1.0.1\\package.tgz',
12 verbose tar pack   'C:\\Users\\dhershman\\Desktop\\Personal\\Modules\\phone-prettify' ]
13 verbose tarball C:\Users\dhershman\AppData\Roaming\npm-cache\phone-prettify\1.0.1\package.tgz
14 verbose folder C:\Users\dhershman\Desktop\Personal\Modules\phone-prettify
15 verbose addLocalTarball adding from inside cache C:\Users\dhershman\AppData\Roaming\npm-cache\phone-prettify\1.0.1\package.tgz
16 verbose correctMkdir C:\Users\dhershman\AppData\Roaming\npm-cache correctMkdir not in flight; initializing
17 silly cache afterAdd phone-prettify@1.0.1
18 verbose afterAdd C:\Users\dhershman\AppData\Roaming\npm-cache\phone-prettify\1.0.1\package\package.json not in flight; writing
19 verbose correctMkdir C:\Users\dhershman\AppData\Roaming\npm-cache correctMkdir not in flight; initializing
20 verbose afterAdd C:\Users\dhershman\AppData\Roaming\npm-cache\phone-prettify\1.0.1\package\package.json written
21 silly publish { name: 'phone-prettify',
21 silly publish   version: '1.0.1',
21 silly publish   description: 'Simple phone formatting',
21 silly publish   main: 'index.js',
21 silly publish   repository:
21 silly publish    { type: 'git',
21 silly publish      url: 'git+https://github.com/dhershman1/phone-prettify.git' },
21 silly publish   bugs: { url: 'https://github.com/dhershman1/phone-prettify/issues' },
21 silly publish   keywords:
21 silly publish    [ 'format',
21 silly publish      'phone number',
21 silly publish      'prettyify',
21 silly publish      'phone',
21 silly publish      'phone-prettify' ],
21 silly publish   author: { name: 'Dustin Hershman', email: 'dustinh17@gmail.com' },
21 silly publish   license: 'ISC',
21 silly publish   private: false,
21 silly publish   readme: 'phone-prettify\r\n===============================\r\n\r\nA really simple phone formatting that can handle most (US) formats and basic extension and long distance style phone numbers.\r\n\r\n##How-To\r\n```js\r\nvar phonePrettify = require(\'phone-prettify\');\r\nphonePrettify(\'phone\', \'format\');\r\n```\r\n\r\n##Usage\r\nUsage is pretty simple\r\n```js\r\nvar phonePrettify = require(\'phone-prettify\');\r\nvar test = phonePrettify(\'3334449955\', \'dashed\');\r\n//test would output: 333-444-9955\r\n```\r\n\r\n##formats\r\n`uglify` - Returns string of entered phone with no formatting\r\n`normalize` - Returns phone number with `(xxx)xxx-xxxx` format\r\n`dashed`  - Returns phone number with `xxx-xxx-xxxx` format\r\n`dotted` - Returns phone number with `xxx.xxx.xxxx` format\r\n\r\n##Auto-formats\r\n`longDistance` - Returns the phone number in a long distance format\r\n`extention` - Returns the phone number with a extension style format\r\n\r\nBased on length of the phone number some formats are automatically used if these are used and you sent a format these will also use that format when adjusting\r\n\r\nin which case\r\n```js\r\nphonePrettyify(\'55577788995567\', \'normalize\');\r\n```\r\n\r\nwould return `(555)777-8899 x 5567`\r\nAnd \r\n```js\r\nphonePrettyify(\'15557778899\', \'normalize\');\r\n```\r\nwould return `1+(555)777-8899`',
21 silly publish   readmeFilename: 'README.md',
21 silly publish   gitHead: '65bab19a6404502a5df09f96de34bb8db2d4e897',
21 silly publish   homepage: 'https://github.com/dhershman1/phone-prettify#readme',
21 silly publish   _id: 'phone-prettify@1.0.1',
21 silly publish   scripts: {},
21 silly publish   _shasum: '491a2da7194e966aea8cc2260761824b8cbf7852',
21 silly publish   _from: '.' }
22 verbose getPublishConfig undefined
23 silly mapToRegistry name phone-prettify
24 silly mapToRegistry using default registry
25 silly mapToRegistry registry https://registry.npmjs.org/
26 silly mapToRegistry data Result {
26 silly mapToRegistry   raw: 'phone-prettify',
26 silly mapToRegistry   scope: null,
26 silly mapToRegistry   escapedName: 'phone-prettify',
26 silly mapToRegistry   name: 'phone-prettify',
26 silly mapToRegistry   rawSpec: '',
26 silly mapToRegistry   spec: 'latest',
26 silly mapToRegistry   type: 'tag' }
27 silly mapToRegistry uri https://registry.npmjs.org/phone-prettify
28 verbose publish registryBase https://registry.npmjs.org/
29 silly publish uploading C:\Users\dhershman\AppData\Roaming\npm-cache\phone-prettify\1.0.1\package.tgz
30 verbose request uri https://registry.npmjs.org/phone-prettify
31 verbose request sending authorization for write operation
32 info attempt registry request try #1 at 11:27:32 AM
33 verbose request using bearer token for auth
34 verbose request id 4adaa98b99838a95
35 http request PUT https://registry.npmjs.org/phone-prettify
36 http 403 https://registry.npmjs.org/phone-prettify
37 verbose headers { 'content-type': 'application/json',
37 verbose headers   'cache-control': 'max-age=300',
37 verbose headers   'content-length': '95',
37 verbose headers   'accept-ranges': 'bytes',
37 verbose headers   date: 'Mon, 30 Jan 2017 16:27:32 GMT',
37 verbose headers   via: '1.1 varnish',
37 verbose headers   connection: 'keep-alive',
37 verbose headers   'x-served-by': 'cache-yyz8329-YYZ',
37 verbose headers   'x-cache': 'MISS',
37 verbose headers   'x-cache-hits': '0',
37 verbose headers   'x-timer': 'S1485793652.622838,VS0,VE366',
37 verbose headers   vary: 'Accept-Encoding' }
38 verbose request invalidating C:\Users\dhershman\AppData\Roaming\npm-cache\registry.npmjs.org\phone-prettify on PUT
39 error publish Failed PUT 403
40 verbose stack Error: "You cannot publish over the previously published version 1.0.1." : phone-prettify
40 verbose stack     at makeError (C:\Program Files\nodejs\node_modules\npm\node_modules\npm-registry-client\lib\request.js:302:12)
40 verbose stack     at CachingRegistryClient.<anonymous> (C:\Program Files\nodejs\node_modules\npm\node_modules\npm-registry-client\lib\request.js:290:14)
40 verbose stack     at Request._callback (C:\Program Files\nodejs\node_modules\npm\node_modules\npm-registry-client\lib\request.js:210:14)
40 verbose stack     at Request.self.callback (C:\Program Files\nodejs\node_modules\npm\node_modules\request\request.js:187:22)
40 verbose stack     at emitTwo (events.js:106:13)
40 verbose stack     at Request.emit (events.js:191:7)
40 verbose stack     at Request.<anonymous> (C:\Program Files\nodejs\node_modules\npm\node_modules\request\request.js:1044:10)
40 verbose stack     at emitOne (events.js:96:13)
40 verbose stack     at Request.emit (events.js:188:7)
40 verbose stack     at IncomingMessage.<anonymous> (C:\Program Files\nodejs\node_modules\npm\node_modules\request\request.js:965:12)
41 verbose statusCode 403
42 verbose pkgid phone-prettify
43 verbose cwd C:\Users\dhershman\Desktop\Personal\Modules\phone-prettify
44 error Windows_NT 10.0.10586
45 error argv "C:\\Program Files\\nodejs\\node.exe" "C:\\Program Files\\nodejs\\node_modules\\npm\\bin\\npm-cli.js" "publish"
46 error node v6.9.1
47 error npm  v3.10.8
48 error code E403
49 error "You cannot publish over the previously published version 1.0.1." : phone-prettify
50 error If you need help, you may report this error at:
50 error     <https://github.com/npm/npm/issues>
51 verbose exit [ 1, true ]
